<?xml version="1.0" encoding="UTF-8"?>
<!-- Generated by org.testng.reporters.JUnitReportReporter -->
<testsuite hostname="SunnysComputer" failures="0" tests="1" name="com.actitime.all_test_scripts.RemovePermissionsTC_108" time="40.480" errors="0" timestamp="29 Oct 2018 09:08:09 GMT" skipped="0">
  <testcase classname="com.actitime.all_test_scripts.RemovePermissionsTC_108" name="testRemovePermissionsTC_108" time="40.480"/>
</testsuite> <!-- com.actitime.all_test_scripts.RemovePermissionsTC_108 -->
