<?xml version="1.0" encoding="UTF-8"?>
<!-- Generated by org.testng.reporters.JUnitReportReporter -->
<testsuite hostname="SunnysComputer" failures="0" tests="1" name="com.actitime.all_test_scripts.ValidateAlertPopupTC_403" time="15.378" errors="0" timestamp="25 Oct 2018 17:39:24 GMT" skipped="0">
  <testcase classname="com.actitime.all_test_scripts.ValidateAlertPopupTC_403" name="testValidateAlertPopupTC_403" time="15.378"/>
</testsuite> <!-- com.actitime.all_test_scripts.ValidateAlertPopupTC_403 -->
