<?xml version="1.0" encoding="UTF-8"?>
<!-- Generated by org.testng.reporters.JUnitReportReporter -->
<testsuite hostname="SunnysComputer" failures="0" tests="1" name="com.actitime.all_test_scripts.DeleteCustomerTC_106" time="31.175" errors="0" timestamp="25 Oct 2018 17:15:47 GMT" skipped="0">
  <testcase classname="com.actitime.all_test_scripts.DeleteCustomerTC_106" name="testDeleteCustomerTC_106" time="31.175"/>
</testsuite> <!-- com.actitime.all_test_scripts.DeleteCustomerTC_106 -->
