<?xml version="1.0" encoding="UTF-8"?>
<!-- Generated by org.testng.reporters.JUnitReportReporter -->
<testsuite hostname="SunnysComputer" failures="0" tests="10" name="com.actitime.customers_and_task_scripts.LoginActitimeAndLogoutTC_103" time="218.751" errors="0" timestamp="30 Nov 2018 15:16:12 GMT" skipped="0">
  <testcase classname="com.actitime.customers_and_task_scripts.LoginActitimeAndLogoutTC_103" name="testLoginActitimeAndLogoutTC_103" time="68.149"/>
  <testcase classname="com.actitime.customers_and_task_scripts.LoginActitimeAndLogoutTC_103" name="testLoginActitimeAndLogoutTC_103" time="13.533"/>
  <testcase classname="com.actitime.customers_and_task_scripts.LoginActitimeAndLogoutTC_103" name="testLoginActitimeAndLogoutTC_103" time="12.168"/>
  <testcase classname="com.actitime.customers_and_task_scripts.LoginActitimeAndLogoutTC_103" name="testLoginActitimeAndLogoutTC_103" time="18.468"/>
  <testcase classname="com.actitime.customers_and_task_scripts.LoginActitimeAndLogoutTC_103" name="testLoginActitimeAndLogoutTC_103" time="19.347"/>
  <testcase classname="com.actitime.customers_and_task_scripts.LoginActitimeAndLogoutTC_103" name="testLoginActitimeAndLogoutTC_103" time="13.701"/>
  <testcase classname="com.actitime.customers_and_task_scripts.LoginActitimeAndLogoutTC_103" name="testLoginActitimeAndLogoutTC_103" time="14.033"/>
  <testcase classname="com.actitime.customers_and_task_scripts.LoginActitimeAndLogoutTC_103" name="testLoginActitimeAndLogoutTC_103" time="19.224"/>
  <testcase classname="com.actitime.customers_and_task_scripts.LoginActitimeAndLogoutTC_103" name="testLoginActitimeAndLogoutTC_103" time="25.012"/>
  <testcase classname="com.actitime.customers_and_task_scripts.LoginActitimeAndLogoutTC_103" name="testLoginActitimeAndLogoutTC_103" time="15.116"/>
</testsuite> <!-- com.actitime.customers_and_task_scripts.LoginActitimeAndLogoutTC_103 -->
