<?xml version="1.0" encoding="UTF-8"?>
<!-- Generated by org.testng.reporters.JUnitReportReporter -->
<testsuite hostname="SunnysComputer" failures="0" tests="3" name="com.actitime.customers_and_task_scripts.HiddenDivisionPopupTC_102" time="33.876" errors="0" timestamp="22 Nov 2018 16:33:56 GMT" skipped="1">
  <testcase classname="com.actitime.customers_and_task_scripts.HiddenDivisionPopupTC_102" name="testHiddenDivisionPopupTC_102_03" time="20.419"/>
  <testcase classname="com.actitime.customers_and_task_scripts.HiddenDivisionPopupTC_102" name="testHiddenDivisionPopupTC_102_01" time="13.457"/>
  <testcase classname="com.actitime.customers_and_task_scripts.HiddenDivisionPopupTC_102" name="testHiddenDivisionPopupTC_102_02">
    <skipped/>
  </testcase> <!-- testHiddenDivisionPopupTC_102_02 -->
</testsuite> <!-- com.actitime.customers_and_task_scripts.HiddenDivisionPopupTC_102 -->
