<?xml version="1.0" encoding="UTF-8"?>
<!-- Generated by org.testng.reporters.JUnitReportReporter -->
<testsuite hostname="SunnysComputer" failures="0" tests="1" name="com.actitime.all_test_scripts.HiddenDivisionPopupTC_102" time="14.821" errors="0" timestamp="01 Nov 2018 06:56:27 GMT" skipped="0">
  <testcase classname="com.actitime.all_test_scripts.HiddenDivisionPopupTC_102" name="testHiddenDivisionPopupTC_102_02" time="14.821"/>
</testsuite> <!-- com.actitime.all_test_scripts.HiddenDivisionPopupTC_102 -->
