<?xml version="1.0" encoding="UTF-8"?>
<!-- Generated by org.testng.reporters.JUnitReportReporter -->
<testsuite hostname="SunnysComputer" failures="0" tests="1" name="com.actitime.user_scripts.CreateNewUserTC_107" time="21.561" errors="0" timestamp="15 Nov 2018 05:14:06 GMT" skipped="0">
  <testcase classname="com.actitime.user_scripts.CreateNewUserTC_107" name="testAddNewUserTC_107" time="21.561"/>
</testsuite> <!-- com.actitime.user_scripts.CreateNewUserTC_107 -->
