<?xml version="1.0" encoding="UTF-8"?>
<!-- Generated by org.testng.reporters.JUnitReportReporter -->
<testsuite hostname="SunnysComputer" failures="0" tests="1" name="com.actitime.all_test_scripts.CreateNewUserTC_107" time="26.979" errors="0" timestamp="29 Oct 2018 08:22:52 GMT" skipped="0">
  <testcase classname="com.actitime.all_test_scripts.CreateNewUserTC_107" name="testAddNewUserTC_107" time="26.979"/>
</testsuite> <!-- com.actitime.all_test_scripts.CreateNewUserTC_107 -->
