<?xml version="1.0" encoding="UTF-8"?>
<!-- Generated by org.testng.reporters.JUnitReportReporter -->
<testsuite hostname="SunnysComputer" failures="0" tests="1" name="practice.CheckDragAndDropTC_110" time="25.963" errors="0" timestamp="22 Nov 2018 17:42:21 GMT" skipped="0">
  <testcase classname="practice.CheckDragAndDropTC_110" name="testCheckDragAndDropTC_110" time="25.963"/>
</testsuite> <!-- practice.CheckDragAndDropTC_110 -->
