<?xml version="1.0" encoding="UTF-8"?>
<!-- Generated by org.testng.reporters.JUnitReportReporter -->
<testsuite hostname="SunnysComputer" failures="0" tests="1" name="practice.Rough" time="57.994" errors="0" timestamp="20 Nov 2018 15:38:06 GMT" skipped="0">
  <testcase classname="practice.Rough" name="practiceForInterview" time="57.994"/>
</testsuite> <!-- practice.Rough -->
