<?xml version="1.0" encoding="UTF-8"?>
<!-- Generated by org.testng.reporters.JUnitReportReporter -->
<testsuite hostname="SunnysComputer" failures="0" tests="8" name="practice.ParameterizedTest" time="123.790" errors="0" timestamp="22 Nov 2018 07:16:13 GMT" skipped="0">
  <testcase classname="practice.ParameterizedTest" name="parameterizedTest" time="7.211"/>
  <testcase classname="practice.ParameterizedTest" name="parameterizedTest" time="8.627"/>
  <testcase classname="practice.ParameterizedTest" name="parameterizedTest" time="43.429"/>
  <testcase classname="practice.ParameterizedTest" name="parameterizedTest" time="9.236"/>
  <testcase classname="practice.ParameterizedTest" name="parameterizedTest" time="2.142"/>
  <testcase classname="practice.ParameterizedTest" name="parameterizedTest" time="2.810"/>
  <testcase classname="practice.ParameterizedTest" name="parameterizedTest" time="13.889"/>
  <testcase classname="practice.ParameterizedTest" name="parameterizedTest" time="36.446"/>
</testsuite> <!-- practice.ParameterizedTest -->
