<?xml version="1.0" encoding="UTF-8"?>
<!-- Generated by org.testng.reporters.JUnitReportReporter -->
<testsuite hostname="SunnysComputer" failures="0" tests="1" name="com.actitime.customers_and_task_scripts.RemovePermissionsTC_108" time="23.299" errors="0" timestamp="13 Nov 2018 01:25:33 GMT" skipped="0">
  <testcase classname="com.actitime.customers_and_task_scripts.RemovePermissionsTC_108" name="testRemovePermissionsTC_108" time="23.299"/>
</testsuite> <!-- com.actitime.customers_and_task_scripts.RemovePermissionsTC_108 -->
