<?xml version="1.0" encoding="UTF-8"?>
<!-- Generated by org.testng.reporters.JUnitReportReporter -->
<testsuite hostname="SunnysComputer" failures="0" tests="1" name="com.actitime.all_test_scripts.CreateNewCustomerTC_104" time="42.836" errors="0" timestamp="24 Oct 2018 03:44:07 GMT" skipped="0">
  <testcase classname="com.actitime.all_test_scripts.CreateNewCustomerTC_104" name="testCreateNewCustomerTC_104" time="42.836"/>
</testsuite> <!-- com.actitime.all_test_scripts.CreateNewCustomerTC_104 -->
