<?xml version="1.0" encoding="UTF-8"?>
<!-- Generated by org.testng.reporters.JUnitReportReporter -->
<testsuite hostname="SunnysComputer" failures="0" tests="1" name="com.actitime.customers_and_task_scripts.CreateNewCustomerTC_104" time="80.707" errors="0" timestamp="16 Nov 2018 11:20:54 GMT" skipped="0">
  <testcase classname="com.actitime.customers_and_task_scripts.CreateNewCustomerTC_104" name="testCreateNewCustomerTC_104" time="80.707"/>
</testsuite> <!-- com.actitime.customers_and_task_scripts.CreateNewCustomerTC_104 -->
