<?xml version="1.0" encoding="UTF-8"?>
<!-- Generated by org.testng.reporters.JUnitReportReporter -->
<testsuite hostname="SunnysComputer" failures="0" tests="1" name="com.actitime.all_test_scripts.ModifyCustomerTC_105" time="15.904" errors="0" timestamp="25 Oct 2018 16:47:56 GMT" skipped="0">
  <testcase classname="com.actitime.all_test_scripts.ModifyCustomerTC_105" name="testModifyCustomerTC_105" time="15.904"/>
</testsuite> <!-- com.actitime.all_test_scripts.ModifyCustomerTC_105 -->
