<?xml version="1.0" encoding="UTF-8"?>
<!-- Generated by org.testng.reporters.JUnitReportReporter -->
<testsuite hostname="SunnysComputer" failures="0" tests="1" name="com.actitime.all_test_scripts.HandleCalenderWindowTC_109" time="20.634" errors="0" timestamp="30 Oct 2018 05:03:35 GMT" skipped="0">
  <testcase classname="com.actitime.all_test_scripts.HandleCalenderWindowTC_109" name="testHandleCalenderWindowTC_109" time="20.634"/>
</testsuite> <!-- com.actitime.all_test_scripts.HandleCalenderWindowTC_109 -->
